<?xml version="1.0" encoding="UTF-8"?>
<testsuite name="tech.hokkaudo.ow4j.hero.HeroTest" tests="1" skipped="0" failures="0" errors="0" timestamp="2020-09-12T21:44:03" hostname="HOKKAYDO" time="3.482">
  <properties/>
  <testcase name="getName_shouldReturnAna" classname="tech.hokkaudo.ow4j.hero.HeroTest" time="3.482"/>
  <system-out><![CDATA[]]></system-out>
  <system-err><![CDATA[]]></system-err>
</testsuite>
